#
# There is insufficient memory for the Java Runtime Environment to continue.
# Native memory allocation (mmap) failed to map 32505856 bytes for Failed to commit area from 0x0000000089800000 to 0x000000008b700000 of length 32505856.
# Possible reasons:
#   The system is out of physical RAM or swap space
#   The process is running with CompressedOops enabled, and the Java Heap may be blocking the growth of the native heap
# Possible solutions:
#   Reduce memory load on the system
#   Increase physical memory or swap space
#   Check if swap backing store is full
#   Decrease Java heap size (-Xmx/-Xms)
#   Decrease number of Java threads
#   Decrease Java thread stack sizes (-Xss)
#   Set larger code cache with -XX:ReservedCodeCacheSize=
#   JVM is running with Unscaled Compressed Oops mode in which the Java heap is
#     placed in the first 4GB address space. The Java Heap base address is the
#     maximum limit for the native heap growth. Please use -XX:HeapBaseMinAddress
#     to set the Java Heap base and to place the Java Heap above 4GB virtual address.
# This output file may be truncated or incomplete.
#
#  Out of Memory Error (./src/hotspot/os/windows/os_windows.cpp:3301), pid=42580, tid=52960
#
# JRE version: OpenJDK Runtime Environment (11.0.10) (build 11.0.10+0-b96-7249189)
# Java VM: OpenJDK 64-Bit Server VM (11.0.10+0-b96-7249189, mixed mode, tiered, compressed oops, g1 gc, windows-amd64)
# No core dump will be written. Minidumps are not enabled by default on client versions of Windows
#

---------------  S U M M A R Y ------------

Command Line: --add-opens=java.base/java.util=ALL-UNNAMED --add-opens=java.base/java.lang=ALL-UNNAMED --add-opens=java.base/java.lang.invoke=ALL-UNNAMED --add-opens=java.base/java.util=ALL-UNNAMED --add-opens=java.prefs/java.util.prefs=ALL-UNNAMED --add-opens=java.prefs/java.util.prefs=ALL-UNNAMED --add-opens=java.base/java.nio.charset=ALL-UNNAMED --add-opens=java.base/java.net=ALL-UNNAMED --add-opens=java.base/java.util.concurrent.atomic=ALL-UNNAMED -Xmx2048m -Dfile.encoding=UTF-8 -Duser.country=PL -Duser.language=pl -Duser.variant org.gradle.launcher.daemon.bootstrap.GradleDaemon 7.0.2

Host: Intel(R) Core(TM) i5-8265U CPU @ 1.60GHz, 8 cores, 7G,  Windows 10 , 64 bit Build 19041 (10.0.19041.1348)
Time: Mon Jan 10 13:32:27 2022 Œrodkowoeuropejski czas stand. elapsed time: 13.420780 seconds (0d 0h 0m 13s)

---------------  T H R E A D  ---------------

Current thread (0x0000023a16a9d000):  VMThread "VM Thread" [stack: 0x000000ceb8200000,0x000000ceb8300000] [id=52960]

Stack: [0x000000ceb8200000,0x000000ceb8300000]
[error occurred during error reporting (printing stack bounds), id 0xc0000005, EXCEPTION_ACCESS_VIOLATION (0xc0000005) at pc=0x0000023a00000f2d]

Native frames: (J=compiled Java code, j=interpreted, Vv=VM code, C=native code)
V  [jvm.dll+0x5ecfaa]
V  [jvm.dll+0x722bd5]
V  [jvm.dll+0x72412d]
V  [jvm.dll+0x724745]
V  [jvm.dll+0x7246fb]
V  [jvm.dll+0x5ec348]
V  [jvm.dll+0x5ecad8]
C  [ntdll.dll+0xa20cf]
C  [ntdll.dll+0x51454]
C  [ntdll.dll+0xa0bfe]
C  0x0000023a00000f2d

VM_Operation (0x000000ceb96f9930): G1CollectForAllocation, mode: safepoint, requested by thread 0x0000023a18953000


---------------  P R O C E S S  ---------------

Threads class SMR info:
_java_thread_list=0x0000023a1d7f4bb0, length=50, elements={
0x0000023a7a620800, 0x0000023a16a9f800, 0x0000023a16aab000, 0x0000023a1743a000,
0x0000023a1743b000, 0x0000023a1743c000, 0x0000023a17440800, 0x0000023a16ac3000,
0x0000023a16ad2800, 0x0000023a175a4800, 0x0000023a188c8800, 0x0000023a19543800,
0x0000023a185b4000, 0x0000023a1880a800, 0x0000023a1880b800, 0x0000023a18add000,
0x0000023a18953000, 0x0000023a1982f000, 0x0000023a1951f000, 0x0000023a1982d000,
0x0000023a19828000, 0x0000023a19827800, 0x0000023a1982a800, 0x0000023a1982b800,
0x0000023a1982c000, 0x0000023a1982e000, 0x0000023a19829800, 0x0000023a19829000,
0x0000023a1b745000, 0x0000023a1b748800, 0x0000023a1b742800, 0x0000023a1b746000,
0x0000023a1b746800, 0x0000023a1b744000, 0x0000023a1b743800, 0x0000023a1b74d000,
0x0000023a1b74a000, 0x0000023a1b74e000, 0x0000023a1b74f000, 0x0000023a1b74b800,
0x0000023a1b74f800, 0x0000023a1b74a800, 0x0000023a1b74c800, 0x0000023a1b750800,
0x0000023a1b751800, 0x0000023a1c35e800, 0x0000023a1c361000, 0x0000023a1c35f800,
0x0000023a1c35e000, 0x0000023a1c360800
}

Java Threads: ( => current thread )
  0x0000023a7a620800 JavaThread "main" [_thread_blocked, id=48436, stack(0x000000ceb7c00000,0x000000ceb7d00000)]
  0x0000023a16a9f800 JavaThread "Reference Handler" daemon [_thread_blocked, id=3128, stack(0x000000ceb8300000,0x000000ceb8400000)]
  0x0000023a16aab000 JavaThread "Finalizer" daemon [_thread_blocked, id=52384, stack(0x000000ceb8400000,0x000000ceb8500000)]
  0x0000023a1743a000 JavaThread "Signal Dispatcher" daemon [_thread_blocked, id=49664, stack(0x000000ceb8500000,0x000000ceb8600000)]
  0x0000023a1743b000 JavaThread "Attach Listener" daemon [_thread_blocked, id=21216, stack(0x000000ceb8600000,0x000000ceb8700000)]
  0x0000023a1743c000 JavaThread "Service Thread" daemon [_thread_blocked, id=49900, stack(0x000000ceb8700000,0x000000ceb8800000)]
  0x0000023a17440800 JavaThread "C2 CompilerThread0" daemon [_thread_blocked, id=52644, stack(0x000000ceb8800000,0x000000ceb8900000)]
  0x0000023a16ac3000 JavaThread "C1 CompilerThread0" daemon [_thread_blocked, id=46148, stack(0x000000ceb8900000,0x000000ceb8a00000)]
  0x0000023a16ad2800 JavaThread "Sweeper thread" daemon [_thread_blocked, id=31940, stack(0x000000ceb8a00000,0x000000ceb8b00000)]
  0x0000023a175a4800 JavaThread "Common-Cleaner" daemon [_thread_blocked, id=52556, stack(0x000000ceb8b00000,0x000000ceb8c00000)]
  0x0000023a188c8800 JavaThread "Daemon health stats" [_thread_blocked, id=13224, stack(0x000000ceb8f00000,0x000000ceb9000000)]
  0x0000023a19543800 JavaThread "Incoming local TCP Connector on port 58327" [_thread_in_native, id=47792, stack(0x000000ceb9100000,0x000000ceb9200000)]
  0x0000023a185b4000 JavaThread "Daemon periodic checks" [_thread_blocked, id=36828, stack(0x000000ceb9200000,0x000000ceb9300000)]
  0x0000023a1880a800 JavaThread "Daemon" [_thread_blocked, id=53648, stack(0x000000ceb9300000,0x000000ceb9400000)]
  0x0000023a1880b800 JavaThread "Handler for socket connection from /127.0.0.1:58327 to /127.0.0.1:58328" [_thread_in_native, id=47340, stack(0x000000ceb9400000,0x000000ceb9500000)]
  0x0000023a18add000 JavaThread "Cancel handler" [_thread_blocked, id=52424, stack(0x000000ceb9500000,0x000000ceb9600000)]
  0x0000023a18953000 JavaThread "Daemon worker" [_thread_blocked, id=44596, stack(0x000000ceb9600000,0x000000ceb9700000)]
  0x0000023a1982f000 JavaThread "Asynchronous log dispatcher for DefaultDaemonConnection: socket connection from /127.0.0.1:58327 to /127.0.0.1:58328" [_thread_blocked, id=33040, stack(0x000000ceb9700000,0x000000ceb9800000)]
  0x0000023a1951f000 JavaThread "Stdin handler" [_thread_blocked, id=51544, stack(0x000000ceb9800000,0x000000ceb9900000)]
  0x0000023a1982d000 JavaThread "Daemon client event forwarder" [_thread_blocked, id=50848, stack(0x000000ceb9900000,0x000000ceb9a00000)]
  0x0000023a19828000 JavaThread "Cache worker for file hash cache (C:\Users\lklui\.gradle\caches\7.0.2\fileHashes)" [_thread_blocked, id=50480, stack(0x000000ceb9a00000,0x000000ceb9b00000)]
  0x0000023a19827800 JavaThread "File lock request listener" [_thread_in_native, id=53956, stack(0x000000ceb9b00000,0x000000ceb9c00000)]
  0x0000023a1982a800 JavaThread "Cache worker for journal cache (C:\Users\lklui\.gradle\caches\journal-1)" [_thread_blocked, id=47776, stack(0x000000ceba100000,0x000000ceba200000)]
  0x0000023a1982b800 JavaThread "Cache worker for file hash cache (C:\Users\lklui\AndroidStudioProjects\PW_Guide_App\.gradle\7.0.2\fileHashes)" [_thread_blocked, id=17948, stack(0x000000ceba200000,0x000000ceba300000)]
  0x0000023a1982c000 JavaThread "File watcher server" daemon [_thread_in_native, id=49376, stack(0x000000ceba300000,0x000000ceba400000)]
  0x0000023a1982e000 JavaThread "File watcher consumer" daemon [_thread_blocked, id=47412, stack(0x000000ceba400000,0x000000ceba500000)]
  0x0000023a19829800 JavaThread "Cache worker for checksums cache (C:\Users\lklui\AndroidStudioProjects\PW_Guide_App\.gradle\checksums)" [_thread_blocked, id=45196, stack(0x000000ceba500000,0x000000ceba600000)]
  0x0000023a19829000 JavaThread "Cache worker for cache directory md-supplier (C:\Users\lklui\.gradle\caches\7.0.2\md-supplier)" [_thread_blocked, id=6452, stack(0x000000ceba600000,0x000000ceba700000)]
  0x0000023a1b745000 JavaThread "Cache worker for cache directory md-rule (C:\Users\lklui\.gradle\caches\7.0.2\md-rule)" [_thread_blocked, id=53400, stack(0x000000ceba700000,0x000000ceba800000)]
  0x0000023a1b748800 JavaThread "Cache worker for execution history cache (C:\Users\lklui\.gradle\caches\7.0.2\executionHistory)" [_thread_blocked, id=54928, stack(0x000000ceba800000,0x000000ceba900000)]
  0x0000023a1b742800 JavaThread "jar transforms" [_thread_blocked, id=11132, stack(0x000000ceba900000,0x000000cebaa00000)]
  0x0000023a1b746000 JavaThread "jar transforms Thread 2" [_thread_blocked, id=52100, stack(0x000000cebaa00000,0x000000cebab00000)]
  0x0000023a1b746800 JavaThread "Cache worker for file content cache (C:\Users\lklui\.gradle\caches\7.0.2\fileContent)" [_thread_blocked, id=55076, stack(0x000000cebab00000,0x000000cebac00000)]
  0x0000023a1b744000 JavaThread "Cache worker for dependencies-accessors (C:\Users\lklui\AndroidStudioProjects\PW_Guide_App\.gradle\7.0.2\dependencies-accessors)" [_thread_blocked, id=54956, stack(0x000000cebac00000,0x000000cebad00000)]
  0x0000023a1b743800 JavaThread "jar transforms Thread 3" [_thread_blocked, id=14732, stack(0x000000cebad00000,0x000000cebae00000)]
  0x0000023a1b74d000 JavaThread "Cache worker for Build Output Cleanup Cache (C:\Users\lklui\AndroidStudioProjects\PW_Guide_App\.gradle\buildOutputCleanup)" [_thread_blocked, id=10460, stack(0x000000cebae00000,0x000000cebaf00000)]
  0x0000023a1b74a000 JavaThread "Build operations" [_thread_blocked, id=48828, stack(0x000000cebaf00000,0x000000cebb000000)]
  0x0000023a1b74e000 JavaThread "Build operations Thread 2" [_thread_blocked, id=53108, stack(0x000000cebb000000,0x000000cebb100000)]
  0x0000023a1b74f000 JavaThread "Build operations Thread 3" [_thread_blocked, id=43868, stack(0x000000cebb100000,0x000000cebb200000)]
  0x0000023a1b74b800 JavaThread "Build operations Thread 4" [_thread_blocked, id=44228, stack(0x000000cebb200000,0x000000cebb300000)]
  0x0000023a1b74f800 JavaThread "Build operations Thread 5" [_thread_blocked, id=12616, stack(0x000000cebb300000,0x000000cebb400000)]
  0x0000023a1b74a800 JavaThread "Build operations Thread 6" [_thread_blocked, id=52288, stack(0x000000cebb400000,0x000000cebb500000)]
  0x0000023a1b74c800 JavaThread "Build operations Thread 7" [_thread_blocked, id=19520, stack(0x000000cebb500000,0x000000cebb600000)]
  0x0000023a1b750800 JavaThread "Build operations Thread 8" [_thread_blocked, id=22172, stack(0x000000cebb600000,0x000000cebb700000)]
  0x0000023a1b751800 JavaThread "jar transforms Thread 4" [_thread_blocked, id=42248, stack(0x000000cebb700000,0x000000cebb800000)]
  0x0000023a1c35e800 JavaThread "jar transforms Thread 5" [_thread_blocked, id=50044, stack(0x000000cebb800000,0x000000cebb900000)]
  0x0000023a1c361000 JavaThread "jar transforms Thread 6" [_thread_blocked, id=31564, stack(0x000000cebb900000,0x000000cebba00000)]
  0x0000023a1c35f800 JavaThread "jar transforms Thread 7" [_thread_blocked, id=50136, stack(0x000000cebba00000,0x000000cebbb00000)]
  0x0000023a1c35e000 JavaThread "jar transforms Thread 8" [_thread_blocked, id=54848, stack(0x000000cebbb00000,0x000000cebbc00000)]
  0x0000023a1c360800 JavaThread "Memory manager" [_thread_blocked, id=24596, stack(0x000000cebbc00000,0x000000cebbd00000)]

Other Threads:
=>0x0000023a16a9d000 VMThread "VM Thread" [stack: 0x000000ceb8200000,0x000000ceb8300000] [id=52960]
  0x0000023a175af800 WatcherThread [stack: 0x000000ceb8c00000,0x000000ceb8d00000] [id=48960]
  0x0000023a7a63a000 GCTaskThread "GC Thread#0" [stack: 0x000000ceb7d00000,0x000000ceb7e00000] [id=30220]
  0x0000023a17d40800 GCTaskThread "GC Thread#1" [stack: 0x000000ceb8d00000,0x000000ceb8e00000] [id=51440]
  0x0000023a17d41800 GCTaskThread "GC Thread#2" [stack: 0x000000ceb8e00000,0x000000ceb8f00000] [id=18484]
  0x0000023a1946c800 GCTaskThread "GC Thread#3" [stack: 0x000000ceb9000000,0x000000ceb9100000] [id=54976]
  0x0000023a197e4000 GCTaskThread "GC Thread#4" [stack: 0x000000ceb9c00000,0x000000ceb9d00000] [id=36040]
  0x0000023a19459800 GCTaskThread "GC Thread#5" [stack: 0x000000ceb9d00000,0x000000ceb9e00000] [id=51596]
  0x0000023a19598800 GCTaskThread "GC Thread#6" [stack: 0x000000ceb9e00000,0x000000ceb9f00000] [id=53988]
  0x0000023a193c7800 GCTaskThread "GC Thread#7" [stack: 0x000000ceb9f00000,0x000000ceba000000] [id=54684]
  0x0000023a7a66b800 ConcurrentGCThread "G1 Main Marker" [stack: 0x000000ceb7e00000,0x000000ceb7f00000] [id=54576]
  0x0000023a7a66d800 ConcurrentGCThread "G1 Conc#0" [stack: 0x000000ceb7f00000,0x000000ceb8000000] [id=43288]
  0x0000023a1965b800 ConcurrentGCThread "G1 Conc#1" [stack: 0x000000ceba000000,0x000000ceba100000] [id=51292]
  0x0000023a168f0800 ConcurrentGCThread "G1 Refine#0" [stack: 0x000000ceb8000000,0x000000ceb8100000] [id=55024]
  0x0000023a168f1800 ConcurrentGCThread "G1 Young RemSet Sampling" [stack: 0x000000ceb8100000,0x000000ceb8200000] [id=47272]

Threads with active compile tasks:
C2 CompilerThread0  13463 6361       4       org.objectweb.asm.SymbolTable::addConstantUtf8Reference (101 bytes)

VM state:at safepoint (normal execution)

VM Mutex/Monitor currently owned by a thread:  ([mutex/lock_event])
[0x0000023a7a61cfe0] Threads_lock - owner thread: 0x0000023a16a9d000
[0x0000023a7a61d340] Heap_lock - owner thread: 0x0000023a18953000

Heap address: 0x0000000080000000, size: 2048 MB, Compressed Oops mode: 32-bit
Narrow klass base: 0x0000000000000000, Narrow klass shift: 3
Compressed class space size: 1073741824 Address: 0x0000000100000000

Heap:
 garbage-first heap   total 187392K, used 53866K [0x0000000080000000, 0x0000000100000000)
  region size 1024K, 5 young (5120K), 5 survivors (5120K)
 Metaspace       used 69495K, capacity 71176K, committed 71296K, reserved 1112064K
  class space    used 9006K, capacity 9617K, committed 9676K, reserved 1048576K
Heap Regions: E=young(eden), S=young(survivor), O=old, HS=humongous(starts), HC=humongous(continues), CS=collection set, F=free, A=archive, TAMS=top-at-mark-start (previous, next)
|   0|0x0000000080000000, 0x0000000080100000, 0x0000000080100000|100%| O|  |TAMS 0x0000000080100000, 0x0000000080000000| Untracked 
|   1|0x0000000080100000, 0x0000000080200000, 0x0000000080200000|100%| O|  |TAMS 0x0000000080200000, 0x0000000080100000| Untracked 
|   2|0x0000000080200000, 0x0000000080300000, 0x0000000080300000|100%| O|  |TAMS 0x0000000080300000, 0x0000000080200000| Untracked 
|   3|0x0000000080300000, 0x0000000080400000, 0x0000000080400000|100%|HS|  |TAMS 0x0000000080400000, 0x0000000080300000| Complete 
|   4|0x0000000080400000, 0x0000000080500000, 0x0000000080500000|100%|HC|  |TAMS 0x0000000080500000, 0x0000000080400000| Complete 
|   5|0x0000000080500000, 0x0000000080600000, 0x0000000080600000|100%|HC|  |TAMS 0x0000000080600000, 0x0000000080500000| Complete 
|   6|0x0000000080600000, 0x0000000080700000, 0x0000000080700000|100%| O|  |TAMS 0x0000000080700000, 0x0000000080600000| Untracked 
|   7|0x0000000080700000, 0x0000000080800000, 0x0000000080800000|100%| O|  |TAMS 0x0000000080800000, 0x0000000080700000| Untracked 
|   8|0x0000000080800000, 0x0000000080900000, 0x0000000080900000|100%| O|  |TAMS 0x0000000080900000, 0x0000000080800000| Untracked 
|   9|0x0000000080900000, 0x0000000080a00000, 0x0000000080a00000|100%| O|  |TAMS 0x0000000080a00000, 0x0000000080900000| Untracked 
|  10|0x0000000080a00000, 0x0000000080b00000, 0x0000000080b00000|100%| O|  |TAMS 0x0000000080b00000, 0x0000000080a00000| Untracked 
|  11|0x0000000080b00000, 0x0000000080c00000, 0x0000000080c00000|100%| O|  |TAMS 0x0000000080c00000, 0x0000000080b00000| Untracked 
|  12|0x0000000080c00000, 0x0000000080d00000, 0x0000000080d00000|100%| O|  |TAMS 0x0000000080d00000, 0x0000000080c00000| Untracked 
|  13|0x0000000080d00000, 0x0000000080e00000, 0x0000000080e00000|100%| O|  |TAMS 0x0000000080e00000, 0x0000000080d00000| Untracked 
|  14|0x0000000080e00000, 0x0000000080f00000, 0x0000000080f00000|100%| O|  |TAMS 0x0000000080f00000, 0x0000000080e00000| Untracked 
|  15|0x0000000080f00000, 0x0000000081000000, 0x0000000081000000|100%|HS|  |TAMS 0x0000000081000000, 0x0000000080f00000| Complete 
|  16|0x0000000081000000, 0x0000000081100000, 0x0000000081100000|100%| O|  |TAMS 0x0000000081100000, 0x0000000081000000| Untracked 
|  17|0x0000000081100000, 0x0000000081200000, 0x0000000081200000|100%| O|  |TAMS 0x0000000081200000, 0x0000000081100000| Untracked 
|  18|0x0000000081200000, 0x0000000081300000, 0x0000000081300000|100%| O|  |TAMS 0x0000000081300000, 0x0000000081200000| Untracked 
|  19|0x0000000081300000, 0x0000000081400000, 0x0000000081400000|100%| O|  |TAMS 0x0000000081400000, 0x0000000081300000| Untracked 
|  20|0x0000000081400000, 0x0000000081500000, 0x0000000081500000|100%| O|  |TAMS 0x0000000081500000, 0x0000000081400000| Untracked 
|  21|0x0000000081500000, 0x0000000081600000, 0x0000000081600000|100%| O|  |TAMS 0x0000000081600000, 0x0000000081500000| Untracked 
|  22|0x0000000081600000, 0x0000000081700000, 0x0000000081700000|100%| O|  |TAMS 0x0000000081700000, 0x0000000081600000| Untracked 
|  23|0x0000000081700000, 0x0000000081800000, 0x0000000081800000|100%|HS|  |TAMS 0x0000000081800000, 0x0000000081700000| Complete 
|  24|0x0000000081800000, 0x0000000081900000, 0x0000000081900000|100%|HS|  |TAMS 0x0000000081900000, 0x0000000081800000| Complete 
|  25|0x0000000081900000, 0x0000000081a00000, 0x0000000081a00000|100%|HC|  |TAMS 0x0000000081a00000, 0x0000000081900000| Complete 
|  26|0x0000000081a00000, 0x0000000081b00000, 0x0000000081b00000|100%| O|  |TAMS 0x0000000081b00000, 0x0000000081a00000| Untracked 
|  27|0x0000000081b00000, 0x0000000081c00000, 0x0000000081c00000|100%| O|  |TAMS 0x0000000081c00000, 0x0000000081b00000| Untracked 
|  28|0x0000000081c00000, 0x0000000081d00000, 0x0000000081d00000|100%| O|  |TAMS 0x0000000081d00000, 0x0000000081c00000| Untracked 
|  29|0x0000000081d00000, 0x0000000081e00000, 0x0000000081e00000|100%| O|  |TAMS 0x0000000081e00000, 0x0000000081d00000| Untracked 
|  30|0x0000000081e00000, 0x0000000081f00000, 0x0000000081f00000|100%| O|  |TAMS 0x0000000081f00000, 0x0000000081e00000| Untracked 
|  31|0x0000000081f00000, 0x0000000082000000, 0x0000000082000000|100%| O|  |TAMS 0x0000000082000000, 0x0000000081f00000| Untracked 
|  32|0x0000000082000000, 0x0000000082100000, 0x0000000082100000|100%| O|  |TAMS 0x0000000082100000, 0x0000000082000000| Untracked 
|  33|0x0000000082100000, 0x0000000082200000, 0x0000000082200000|100%| O|  |TAMS 0x0000000082200000, 0x0000000082100000| Untracked 
|  34|0x0000000082200000, 0x0000000082300000, 0x0000000082300000|100%| O|  |TAMS 0x0000000082300000, 0x0000000082200000| Untracked 
|  35|0x0000000082300000, 0x0000000082400000, 0x0000000082400000|100%| O|  |TAMS 0x0000000082400000, 0x0000000082300000| Untracked 
|  36|0x0000000082400000, 0x0000000082500000, 0x0000000082500000|100%| O|  |TAMS 0x0000000082500000, 0x0000000082400000| Untracked 
|  37|0x0000000082500000, 0x0000000082600000, 0x0000000082600000|100%| O|  |TAMS 0x0000000082600000, 0x0000000082500000| Untracked 
|  38|0x0000000082600000, 0x0000000082700000, 0x0000000082700000|100%| O|  |TAMS 0x0000000082700000, 0x0000000082600000| Untracked 
|  39|0x0000000082700000, 0x0000000082800000, 0x0000000082800000|100%| O|  |TAMS 0x0000000082800000, 0x0000000082700000| Untracked 
|  40|0x0000000082800000, 0x0000000082900000, 0x0000000082900000|100%| O|  |TAMS 0x0000000082862200, 0x0000000082800000| Untracked 
|  41|0x0000000082900000, 0x0000000082a00000, 0x0000000082a00000|100%| O|  |TAMS 0x0000000082900000, 0x0000000082900000| Untracked 
|  42|0x0000000082a00000, 0x0000000082b00000, 0x0000000082b00000|100%| O|  |TAMS 0x0000000082a00000, 0x0000000082a00000| Untracked 
|  43|0x0000000082b00000, 0x0000000082c00000, 0x0000000082c00000|100%| O|  |TAMS 0x0000000082b00000, 0x0000000082b00000| Untracked 
|  44|0x0000000082c00000, 0x0000000082d00000, 0x0000000082d00000|100%| O|  |TAMS 0x0000000082c00000, 0x0000000082c00000| Untracked 
|  45|0x0000000082d00000, 0x0000000082e00000, 0x0000000082e00000|100%| O|  |TAMS 0x0000000082d00000, 0x0000000082d00000| Untracked 
|  46|0x0000000082e00000, 0x0000000082f00000, 0x0000000082f00000|100%| O|  |TAMS 0x0000000082e00000, 0x0000000082e00000| Untracked 
|  47|0x0000000082f00000, 0x0000000083000000, 0x0000000083000000|100%| O|  |TAMS 0x0000000082f00000, 0x0000000082f00000| Untracked 
|  48|0x0000000083000000, 0x0000000083043400, 0x0000000083100000| 26%| O|  |TAMS 0x0000000083000000, 0x0000000083000000| Untracked 
|  49|0x0000000083100000, 0x0000000083100000, 0x0000000083200000|  0%| F|  |TAMS 0x0000000083100000, 0x0000000083100000| Untracked 
|  50|0x0000000083200000, 0x0000000083200000, 0x0000000083300000|  0%| F|  |TAMS 0x0000000083200000, 0x0000000083200000| Untracked 
|  51|0x0000000083300000, 0x0000000083300000, 0x0000000083400000|  0%| F|  |TAMS 0x0000000083300000, 0x0000000083300000| Untracked 
|  52|0x0000000083400000, 0x0000000083400000, 0x0000000083500000|  0%| F|  |TAMS 0x0000000083400000, 0x0000000083400000| Untracked 
|  53|0x0000000083500000, 0x0000000083500000, 0x0000000083600000|  0%| F|  |TAMS 0x0000000083500000, 0x0000000083500000| Untracked 
|  54|0x0000000083600000, 0x0000000083600000, 0x0000000083700000|  0%| F|  |TAMS 0x0000000083600000, 0x0000000083600000| Untracked 
|  55|0x0000000083700000, 0x0000000083700000, 0x0000000083800000|  0%| F|  |TAMS 0x0000000083700000, 0x0000000083700000| Untracked 
|  56|0x0000000083800000, 0x0000000083800000, 0x0000000083900000|  0%| F|  |TAMS 0x0000000083800000, 0x0000000083800000| Untracked 
|  57|0x0000000083900000, 0x0000000083900000, 0x0000000083a00000|  0%| F|  |TAMS 0x0000000083900000, 0x0000000083900000| Untracked 
|  58|0x0000000083a00000, 0x0000000083a00000, 0x0000000083b00000|  0%| F|  |TAMS 0x0000000083a00000, 0x0000000083a00000| Untracked 
|  59|0x0000000083b00000, 0x0000000083b00000, 0x0000000083c00000|  0%| F|  |TAMS 0x0000000083b00000, 0x0000000083b00000| Untracked 
|  60|0x0000000083c00000, 0x0000000083c00000, 0x0000000083d00000|  0%| F|  |TAMS 0x0000000083c00000, 0x0000000083c00000| Untracked 
|  61|0x0000000083d00000, 0x0000000083d00000, 0x0000000083e00000|  0%| F|  |TAMS 0x0000000083d00000, 0x0000000083d00000| Untracked 
|  62|0x0000000083e00000, 0x0000000083e00000, 0x0000000083f00000|  0%| F|  |TAMS 0x0000000083e00000, 0x0000000083e00000| Untracked 
|  63|0x0000000083f00000, 0x0000000083f00000, 0x0000000084000000|  0%| F|  |TAMS 0x0000000083f00000, 0x0000000083f00000| Untracked 
|  64|0x0000000084000000, 0x0000000084000000, 0x0000000084100000|  0%| F|  |TAMS 0x0000000084000000, 0x0000000084000000| Untracked 
|  65|0x0000000084100000, 0x0000000084100000, 0x0000000084200000|  0%| F|  |TAMS 0x0000000084100000, 0x0000000084100000| Untracked 
|  66|0x0000000084200000, 0x0000000084200000, 0x0000000084300000|  0%| F|  |TAMS 0x0000000084200000, 0x0000000084200000| Untracked 
|  67|0x0000000084300000, 0x0000000084300000, 0x0000000084400000|  0%| F|  |TAMS 0x0000000084300000, 0x0000000084300000| Untracked 
|  68|0x0000000084400000, 0x0000000084400000, 0x0000000084500000|  0%| F|  |TAMS 0x0000000084400000, 0x0000000084400000| Untracked 
|  69|0x0000000084500000, 0x0000000084500000, 0x0000000084600000|  0%| F|  |TAMS 0x0000000084500000, 0x0000000084500000| Untracked 
|  70|0x0000000084600000, 0x0000000084600000, 0x0000000084700000|  0%| F|  |TAMS 0x0000000084600000, 0x0000000084600000| Untracked 
|  71|0x0000000084700000, 0x0000000084700000, 0x0000000084800000|  0%| F|  |TAMS 0x0000000084700000, 0x0000000084700000| Untracked 
|  72|0x0000000084800000, 0x0000000084800000, 0x0000000084900000|  0%| F|  |TAMS 0x0000000084800000, 0x0000000084800000| Untracked 
|  73|0x0000000084900000, 0x0000000084900000, 0x0000000084a00000|  0%| F|  |TAMS 0x0000000084900000, 0x0000000084900000| Untracked 
|  74|0x0000000084a00000, 0x0000000084a00000, 0x0000000084b00000|  0%| F|  |TAMS 0x0000000084a00000, 0x0000000084a00000| Untracked 
|  75|0x0000000084b00000, 0x0000000084b00000, 0x0000000084c00000|  0%| F|  |TAMS 0x0000000084b00000, 0x0000000084b00000| Untracked 
|  76|0x0000000084c00000, 0x0000000084c00000, 0x0000000084d00000|  0%| F|  |TAMS 0x0000000084c00000, 0x0000000084c00000| Untracked 
|  77|0x0000000084d00000, 0x0000000084d00000, 0x0000000084e00000|  0%| F|  |TAMS 0x0000000084d00000, 0x0000000084d00000| Untracked 
|  78|0x0000000084e00000, 0x0000000084e00000, 0x0000000084f00000|  0%| F|  |TAMS 0x0000000084e00000, 0x0000000084e00000| Untracked 
|  79|0x0000000084f00000, 0x0000000084f00000, 0x0000000085000000|  0%| F|  |TAMS 0x0000000084f00000, 0x0000000084f00000| Untracked 
|  80|0x0000000085000000, 0x0000000085000000, 0x0000000085100000|  0%| F|  |TAMS 0x0000000085000000, 0x0000000085000000| Untracked 
|  81|0x0000000085100000, 0x0000000085100000, 0x0000000085200000|  0%| F|  |TAMS 0x0000000085100000, 0x0000000085100000| Untracked 
|  82|0x0000000085200000, 0x0000000085200000, 0x0000000085300000|  0%| F|  |TAMS 0x0000000085200000, 0x0000000085200000| Untracked 
|  83|0x0000000085300000, 0x0000000085300000, 0x0000000085400000|  0%| F|  |TAMS 0x0000000085300000, 0x0000000085300000| Untracked 
|  84|0x0000000085400000, 0x0000000085400000, 0x0000000085500000|  0%| F|  |TAMS 0x0000000085400000, 0x0000000085400000| Untracked 
|  85|0x0000000085500000, 0x0000000085557560, 0x0000000085600000| 34%| S|CS|TAMS 0x0000000085500000, 0x0000000085500000| Complete 
|  86|0x0000000085600000, 0x0000000085700000, 0x0000000085700000|100%| S|CS|TAMS 0x0000000085600000, 0x0000000085600000| Complete 
|  87|0x0000000085700000, 0x0000000085800000, 0x0000000085800000|100%| S|CS|TAMS 0x0000000085700000, 0x0000000085700000| Complete 
|  88|0x0000000085800000, 0x0000000085900000, 0x0000000085900000|100%| S|CS|TAMS 0x0000000085800000, 0x0000000085800000| Complete 
|  89|0x0000000085900000, 0x0000000085a00000, 0x0000000085a00000|100%| S|CS|TAMS 0x0000000085900000, 0x0000000085900000| Complete 
|  90|0x0000000085a00000, 0x0000000085a00000, 0x0000000085b00000|  0%| F|  |TAMS 0x0000000085a00000, 0x0000000085a00000| Untracked 
|  91|0x0000000085b00000, 0x0000000085b00000, 0x0000000085c00000|  0%| F|  |TAMS 0x0000000085b00000, 0x0000000085b00000| Untracked 
|  92|0x0000000085c00000, 0x0000000085c00000, 0x0000000085d00000|  0%| F|  |TAMS 0x0000000085c00000, 0x0000000085c00000| Untracked 
|  93|0x0000000085d00000, 0x0000000085d00000, 0x0000000085e00000|  0%| F|  |TAMS 0x0000000085d00000, 0x0000000085d00000| Untracked 
|  94|0x0000000085e00000, 0x0000000085e00000, 0x0000000085f00000|  0%| F|  |TAMS 0x0000000085e00000, 0x0000000085e00000| Untracked 
|  95|0x0000000085f00000, 0x0000000085f00000, 0x0000000086000000|  0%| F|  |TAMS 0x0000000085f00000, 0x0000000085f00000| Untracked 
|  96|0x0000000086000000, 0x0000000086000000, 0x0000000086100000|  0%| F|  |TAMS 0x0000000086000000, 0x0000000086000000| Untracked 
|  97|0x0000000086100000, 0x0000000086100000, 0x0000000086200000|  0%| F|  |TAMS 0x0000000086100000, 0x0000000086100000| Untracked 
|  98|0x0000000086200000, 0x0000000086200000, 0x0000000086300000|  0%| F|  |TAMS 0x0000000086200000, 0x0000000086200000| Untracked 
|  99|0x0000000086300000, 0x0000000086300000, 0x0000000086400000|  0%| F|  |TAMS 0x0000000086300000, 0x0000000086300000| Untracked 
| 100|0x0000000086400000, 0x0000000086400000, 0x0000000086500000|  0%| F|  |TAMS 0x0000000086400000, 0x0000000086400000| Untracked 
| 101|0x0000000086500000, 0x0000000086500000, 0x0000000086600000|  0%| F|  |TAMS 0x0000000086500000, 0x0000000086500000| Untracked 
| 102|0x0000000086600000, 0x0000000086600000, 0x0000000086700000|  0%| F|  |TAMS 0x0000000086600000, 0x0000000086600000| Untracked 
| 103|0x0000000086700000, 0x0000000086700000, 0x0000000086800000|  0%| F|  |TAMS 0x0000000086700000, 0x0000000086700000| Untracked 
| 104|0x0000000086800000, 0x0000000086800000, 0x0000000086900000|  0%| F|  |TAMS 0x0000000086800000, 0x0000000086800000| Untracked 
| 105|0x0000000086900000, 0x0000000086900000, 0x0000000086a00000|  0%| F|  |TAMS 0x0000000086900000, 0x0000000086900000| Untracked 
| 106|0x0000000086a00000, 0x0000000086a00000, 0x0000000086b00000|  0%| F|  |TAMS 0x0000000086a00000, 0x0000000086a00000| Untracked 
| 107|0x0000000086b00000, 0x0000000086b00000, 0x0000000086c00000|  0%| F|  |TAMS 0x0000000086b00000, 0x0000000086b00000| Untracked 
| 108|0x0000000086c00000, 0x0000000086c00000, 0x0000000086d00000|  0%| F|  |TAMS 0x0000000086c00000, 0x0000000086c00000| Untracked 
| 109|0x0000000086d00000, 0x0000000086d00000, 0x0000000086e00000|  0%| F|  |TAMS 0x0000000086d00000, 0x0000000086d00000| Untracked 
| 110|0x0000000086e00000, 0x0000000086e00000, 0x0000000086f00000|  0%| F|  |TAMS 0x0000000086e00000, 0x0000000086e00000| Untracked 
| 111|0x0000000086f00000, 0x0000000086f00000, 0x0000000087000000|  0%| F|  |TAMS 0x0000000086f00000, 0x0000000086f00000| Untracked 
| 112|0x0000000087000000, 0x0000000087000000, 0x0000000087100000|  0%| F|  |TAMS 0x0000000087000000, 0x0000000087000000| Untracked 
| 113|0x0000000087100000, 0x0000000087100000, 0x0000000087200000|  0%| F|  |TAMS 0x0000000087100000, 0x0000000087100000| Untracked 
| 114|0x0000000087200000, 0x0000000087200000, 0x0000000087300000|  0%| F|  |TAMS 0x0000000087200000, 0x0000000087200000| Untracked 
| 115|0x0000000087300000, 0x0000000087300000, 0x0000000087400000|  0%| F|  |TAMS 0x0000000087300000, 0x0000000087300000| Untracked 
| 116|0x0000000087400000, 0x0000000087400000, 0x0000000087500000|  0%| F|  |TAMS 0x0000000087400000, 0x0000000087400000| Untracked 
| 117|0x0000000087500000, 0x0000000087500000, 0x0000000087600000|  0%| F|  |TAMS 0x0000000087500000, 0x0000000087500000| Untracked 
| 118|0x0000000087600000, 0x0000000087600000, 0x0000000087700000|  0%| F|  |TAMS 0x0000000087600000, 0x0000000087600000| Untracked 
| 119|0x0000000087700000, 0x0000000087700000, 0x0000000087800000|  0%| F|  |TAMS 0x0000000087700000, 0x0000000087700000| Untracked 
| 120|0x0000000087800000, 0x0000000087800000, 0x0000000087900000|  0%| F|  |TAMS 0x0000000087800000, 0x0000000087800000| Untracked 
| 121|0x0000000087900000, 0x0000000087900000, 0x0000000087a00000|  0%| F|  |TAMS 0x0000000087900000, 0x0000000087900000| Untracked 
| 122|0x0000000087a00000, 0x0000000087a00000, 0x0000000087b00000|  0%| F|  |TAMS 0x0000000087a00000, 0x0000000087a00000| Untracked 
| 123|0x0000000087b00000, 0x0000000087b00000, 0x0000000087c00000|  0%| F|  |TAMS 0x0000000087b00000, 0x0000000087b00000| Untracked 
| 124|0x0000000087c00000, 0x0000000087c00000, 0x0000000087d00000|  0%| F|  |TAMS 0x0000000087c00000, 0x0000000087c00000| Untracked 
| 125|0x0000000087d00000, 0x0000000087d00000, 0x0000000087e00000|  0%| F|  |TAMS 0x0000000087d00000, 0x0000000087d00000| Untracked 
| 126|0x0000000087e00000, 0x0000000087e00000, 0x0000000087f00000|  0%| F|  |TAMS 0x0000000087e00000, 0x0000000087e00000| Untracked 
| 127|0x0000000087f00000, 0x0000000087f00000, 0x0000000088000000|  0%| F|  |TAMS 0x0000000087f00000, 0x0000000087f00000| Untracked 
| 128|0x0000000088000000, 0x0000000088000000, 0x0000000088100000|  0%| F|  |TAMS 0x0000000088000000, 0x0000000088000000| Untracked 
| 129|0x0000000088100000, 0x0000000088100000, 0x0000000088200000|  0%| F|  |TAMS 0x0000000088100000, 0x0000000088100000| Untracked 
| 130|0x0000000088200000, 0x0000000088200000, 0x0000000088300000|  0%| F|  |TAMS 0x0000000088200000, 0x0000000088200000| Untracked 
| 131|0x0000000088300000, 0x0000000088300000, 0x0000000088400000|  0%| F|  |TAMS 0x0000000088300000, 0x0000000088300000| Untracked 
| 132|0x0000000088400000, 0x0000000088400000, 0x0000000088500000|  0%| F|  |TAMS 0x0000000088400000, 0x0000000088400000| Untracked 
| 133|0x0000000088500000, 0x0000000088500000, 0x0000000088600000|  0%| F|  |TAMS 0x0000000088500000, 0x0000000088500000| Untracked 
| 134|0x0000000088600000, 0x0000000088600000, 0x0000000088700000|  0%| F|  |TAMS 0x0000000088600000, 0x0000000088600000| Untracked 
| 135|0x0000000088700000, 0x0000000088700000, 0x0000000088800000|  0%| F|  |TAMS 0x0000000088700000, 0x0000000088700000| Untracked 
| 136|0x0000000088800000, 0x0000000088800000, 0x0000000088900000|  0%| F|  |TAMS 0x0000000088800000, 0x0000000088800000| Untracked 
| 137|0x0000000088900000, 0x0000000088900000, 0x0000000088a00000|  0%| F|  |TAMS 0x0000000088900000, 0x0000000088900000| Untracked 
| 138|0x0000000088a00000, 0x0000000088a00000, 0x0000000088b00000|  0%| F|  |TAMS 0x0000000088a00000, 0x0000000088a00000| Untracked 
| 139|0x0000000088b00000, 0x0000000088b00000, 0x0000000088c00000|  0%| F|  |TAMS 0x0000000088b00000, 0x0000000088b00000| Untracked 
| 140|0x0000000088c00000, 0x0000000088c00000, 0x0000000088d00000|  0%| F|  |TAMS 0x0000000088c00000, 0x0000000088c00000| Untracked 
| 141|0x0000000088d00000, 0x0000000088d00000, 0x0000000088e00000|  0%| F|  |TAMS 0x0000000088d00000, 0x0000000088d00000| Untracked 
| 142|0x0000000088e00000, 0x0000000088e00000, 0x0000000088f00000|  0%| F|  |TAMS 0x0000000088e00000, 0x0000000088e00000| Untracked 
| 143|0x0000000088f00000, 0x0000000088f00000, 0x0000000089000000|  0%| F|  |TAMS 0x0000000088f00000, 0x0000000088f00000| Untracked 
| 144|0x0000000089000000, 0x0000000089000000, 0x0000000089100000|  0%| F|  |TAMS 0x0000000089000000, 0x0000000089000000| Untracked 
| 145|0x0000000089100000, 0x0000000089100000, 0x0000000089200000|  0%| F|  |TAMS 0x0000000089100000, 0x0000000089100000| Untracked 
| 146|0x0000000089200000, 0x0000000089200000, 0x0000000089300000|  0%| F|  |TAMS 0x0000000089200000, 0x0000000089200000| Untracked 
| 147|0x0000000089300000, 0x0000000089300000, 0x0000000089400000|  0%| F|  |TAMS 0x0000000089300000, 0x0000000089300000| Untracked 
| 148|0x0000000089400000, 0x0000000089400000, 0x0000000089500000|  0%| F|  |TAMS 0x0000000089400000, 0x0000000089400000| Untracked 
| 149|0x0000000089500000, 0x0000000089500000, 0x0000000089600000|  0%| F|  |TAMS 0x0000000089500000, 0x0000000089500000| Untracked 
| 150|0x0000000089600000, 0x0000000089600000, 0x0000000089700000|  0%| F|  |TAMS 0x0000000089600000, 0x0000000089600000| Untracked 
| 151|0x0000000089700000, 0x0000000089700000, 0x0000000089800000|  0%| F|  |TAMS 0x0000000089700000, 0x0000000089700000| Untracked 

Card table byte_map: [0x0000023a0f840000,0x0000023a0fc40000] _byte_map_base: 0x0000023a0f440000

Marking Bits (Prev, Next): (CMBitMap*) 0x0000023a7a662e68, (CMBitMap*) 0x0000023a7a662ea0
 Prev Bits: [0x0000023a10040000, 0x0000023a12040000)
 Next Bits: [0x0000023a12040000, 0x0000023a14040000)

Polling page: 0x0000023a7a4f0000

Metaspace:

Usage:
  Non-class:     60.12 MB capacity,    59.07 MB ( 98%) used,   898.06 KB (  1%) free+waste,   171.50 KB ( <1%) overhead. 
      Class:      9.39 MB capacity,     8.80 MB ( 94%) used,   530.29 KB (  6%) free+waste,    80.19 KB ( <1%) overhead. 
       Both:     69.51 MB capacity,    67.87 MB ( 98%) used,     1.39 MB (  2%) free+waste,   251.69 KB ( <1%) overhead. 

Virtual space:
  Non-class space:       62.00 MB reserved,      60.18 MB ( 97%) committed 
      Class space:        1.00 GB reserved,       9.45 MB ( <1%) committed 
             Both:        1.06 GB reserved,      69.63 MB (  6%) committed 

Chunk freelists:
   Non-Class:  61.00 KB
       Class:  15.00 KB
        Both:  76.00 KB

MaxMetaspaceSize: 17179869184.00 GB
CompressedClassSpaceSize: 1.00 GB

CodeHeap 'non-profiled nmethods': size=120000Kb used=2741Kb max_used=2741Kb free=117259Kb
 bounds [0x0000023a07ad0000, 0x0000023a07d80000, 0x0000023a0f000000]
CodeHeap 'profiled nmethods': size=120000Kb used=13141Kb max_used=13141Kb free=106859Kb
 bounds [0x0000023a005a0000, 0x0000023a01280000, 0x0000023a07ad0000]
CodeHeap 'non-nmethods': size=5760Kb used=2265Kb max_used=2308Kb free=3494Kb
 bounds [0x0000023a00000000, 0x0000023a00270000, 0x0000023a005a0000]
 total_blobs=7279 nmethods=6419 adapters=771
 compilation: enabled
              stopped_count=0, restarted_count=0
 full_count=0

Compilation events (20 events):
Event: 13.384 Thread 0x0000023a16ac3000 6533       2       com.google.common.collect.ArrayListMultimap::get (6 bytes)
Event: 13.384 Thread 0x0000023a16ac3000 nmethod 6533 0x0000023a01272790 code [0x0000023a01272980, 0x0000023a01272c88]
Event: 13.384 Thread 0x0000023a16ac3000 6534       2       com.google.common.collect.AbstractListMultimap::get (9 bytes)
Event: 13.385 Thread 0x0000023a16ac3000 nmethod 6534 0x0000023a01272e90 code [0x0000023a01273080, 0x0000023a01273308]
Event: 13.386 Thread 0x0000023a16ac3000 6535       1       org.gradle.api.internal.tasks.properties.DefaultTypeMetadataStore$DefaultPropertyMetadata::getPropertyType (5 bytes)
Event: 13.386 Thread 0x0000023a16ac3000 nmethod 6535 0x0000023a07d7cb10 code [0x0000023a07d7ccc0, 0x0000023a07d7cd78]
Event: 13.387 Thread 0x0000023a16ac3000 6536       2       org.gradle.api.internal.tasks.properties.DefaultTypeMetadataStore$DefaultPropertyMetadata::isAnnotationPresent (11 bytes)
Event: 13.387 Thread 0x0000023a16ac3000 nmethod 6536 0x0000023a01273490 code [0x0000023a01273640, 0x0000023a012737a8]
Event: 13.387 Thread 0x0000023a16ac3000 6537       2       org.gradle.internal.reflect.annotations.impl.DefaultPropertyAnnotationMetadata::isAnnotationPresent (9 bytes)
Event: 13.387 Thread 0x0000023a16ac3000 nmethod 6537 0x0000023a01273890 code [0x0000023a01273a40, 0x0000023a01273b68]
Event: 13.388 Thread 0x0000023a16ac3000 6538       2       org.gradle.internal.reflect.annotations.impl.DefaultTypeAnnotationMetadataStore::collectRelevantAnnotations (88 bytes)
Event: 13.389 Thread 0x0000023a16ac3000 nmethod 6538 0x0000023a01273c10 code [0x0000023a01273e20, 0x0000023a01274288]
Event: 13.389 Thread 0x0000023a16ac3000 6539       2       com.google.common.collect.ImmutableSet$Builder::addDeduping (80 bytes)
Event: 13.390 Thread 0x0000023a16ac3000 nmethod 6539 0x0000023a01274510 code [0x0000023a01274720, 0x0000023a01274c78]
Event: 13.390 Thread 0x0000023a16ac3000 6541       1       org.gradle.internal.reflect.annotations.impl.DefaultTypeAnnotationMetadataStore::access$100 (5 bytes)
Event: 13.390 Thread 0x0000023a16ac3000 nmethod 6541 0x0000023a07d7ce10 code [0x0000023a07d7cfc0, 0x0000023a07d7d058]
Event: 13.390 Thread 0x0000023a16ac3000 6540       1       java.lang.NamedPackage::packageName (5 bytes)
Event: 13.390 Thread 0x0000023a16ac3000 nmethod 6540 0x0000023a07d7d110 code [0x0000023a07d7d2c0, 0x0000023a07d7d378]
Event: 13.396 Thread 0x0000023a16ac3000 6542       2       org.gradle.cache.internal.DefaultCrossBuildInMemoryCacheFactory$DefaultCrossBuildInMemoryCache::retainValue (20 bytes)
Event: 13.396 Thread 0x0000023a16ac3000 nmethod 6542 0x0000023a01274f10 code [0x0000023a012750e0, 0x0000023a01275348]

GC Heap History (20 events):
Event: 1.267 GC heap after
{Heap after GC invocations=2 (full 0):
 garbage-first heap   total 129024K, used 9802K [0x0000000080000000, 0x0000000100000000)
  region size 1024K, 1 young (1024K), 1 survivors (1024K)
 Metaspace       used 11095K, capacity 11382K, committed 11520K, reserved 1058816K
  class space    used 1164K, capacity 1243K, committed 1280K, reserved 1048576K
}
Event: 2.915 GC heap before
{Heap before GC invocations=2 (full 0):
 garbage-first heap   total 129024K, used 54858K [0x0000000080000000, 0x0000000100000000)
  region size 1024K, 45 young (46080K), 1 survivors (1024K)
 Metaspace       used 15305K, capacity 15724K, committed 16000K, reserved 1062912K
  class space    used 1743K, capacity 1862K, committed 1920K, reserved 1048576K
}
Event: 2.922 GC heap after
{Heap after GC invocations=3 (full 0):
 garbage-first heap   total 129024K, used 15145K [0x0000000080000000, 0x0000000100000000)
  region size 1024K, 6 young (6144K), 6 survivors (6144K)
 Metaspace       used 15305K, capacity 15724K, committed 16000K, reserved 1062912K
  class space    used 1743K, capacity 1862K, committed 1920K, reserved 1048576K
}
Event: 3.750 GC heap before
{Heap before GC invocations=3 (full 0):
 garbage-first heap   total 129024K, used 52009K [0x0000000080000000, 0x0000000100000000)
  region size 1024K, 43 young (44032K), 6 survivors (6144K)
 Metaspace       used 20576K, capacity 21096K, committed 21248K, reserved 1067008K
  class space    used 2507K, capacity 2690K, committed 2816K, reserved 1048576K
}
Event: 3.761 GC heap after
{Heap after GC invocations=4 (full 0):
 garbage-first heap   total 129024K, used 17028K [0x0000000080000000, 0x0000000100000000)
  region size 1024K, 2 young (2048K), 2 survivors (2048K)
 Metaspace       used 20576K, capacity 21096K, committed 21248K, reserved 1067008K
  class space    used 2507K, capacity 2690K, committed 2816K, reserved 1048576K
}
Event: 4.513 GC heap before
{Heap before GC invocations=5 (full 0):
 garbage-first heap   total 129024K, used 70276K [0x0000000080000000, 0x0000000100000000)
  region size 1024K, 54 young (55296K), 2 survivors (2048K)
 Metaspace       used 26005K, capacity 26655K, committed 26752K, reserved 1073152K
  class space    used 3401K, capacity 3633K, committed 3712K, reserved 1048576K
}
Event: 4.518 GC heap after
{Heap after GC invocations=6 (full 0):
 garbage-first heap   total 129024K, used 18793K [0x0000000080000000, 0x0000000100000000)
  region size 1024K, 4 young (4096K), 4 survivors (4096K)
 Metaspace       used 26005K, capacity 26655K, committed 26752K, reserved 1073152K
  class space    used 3401K, capacity 3633K, committed 3712K, reserved 1048576K
}
Event: 5.662 GC heap before
{Heap before GC invocations=6 (full 0):
 garbage-first heap   total 129024K, used 74089K [0x0000000080000000, 0x0000000100000000)
  region size 1024K, 59 young (60416K), 4 survivors (4096K)
 Metaspace       used 35049K, capacity 35830K, committed 35840K, reserved 1081344K
  class space    used 4543K, capacity 4864K, committed 4864K, reserved 1048576K
}
Event: 5.675 GC heap after
{Heap after GC invocations=7 (full 0):
 garbage-first heap   total 129024K, used 22178K [0x0000000080000000, 0x0000000100000000)
  region size 1024K, 7 young (7168K), 7 survivors (7168K)
 Metaspace       used 35049K, capacity 35830K, committed 35840K, reserved 1081344K
  class space    used 4543K, capacity 4864K, committed 4864K, reserved 1048576K
}
Event: 6.575 GC heap before
{Heap before GC invocations=8 (full 0):
 garbage-first heap   total 129024K, used 86690K [0x0000000080000000, 0x0000000100000000)
  region size 1024K, 67 young (68608K), 7 survivors (7168K)
 Metaspace       used 40425K, capacity 41410K, committed 41548K, reserved 1085440K
  class space    used 5229K, capacity 5583K, committed 5708K, reserved 1048576K
}
Event: 6.587 GC heap after
{Heap after GC invocations=9 (full 0):
 garbage-first heap   total 129024K, used 26641K [0x0000000080000000, 0x0000000100000000)
  region size 1024K, 8 young (8192K), 8 survivors (8192K)
 Metaspace       used 40425K, capacity 41410K, committed 41548K, reserved 1085440K
  class space    used 5229K, capacity 5583K, committed 5708K, reserved 1048576K
}
Event: 7.501 GC heap before
{Heap before GC invocations=9 (full 0):
 garbage-first heap   total 129024K, used 88081K [0x0000000080000000, 0x0000000100000000)
  region size 1024K, 68 young (69632K), 8 survivors (8192K)
 Metaspace       used 45209K, capacity 46357K, committed 46412K, reserved 1089536K
  class space    used 5808K, capacity 6189K, committed 6220K, reserved 1048576K
}
Event: 7.513 GC heap after
{Heap after GC invocations=10 (full 0):
 garbage-first heap   total 155648K, used 28798K [0x0000000080000000, 0x0000000100000000)
  region size 1024K, 7 young (7168K), 7 survivors (7168K)
 Metaspace       used 45209K, capacity 46357K, committed 46412K, reserved 1089536K
  class space    used 5808K, capacity 6189K, committed 6220K, reserved 1048576K
}
Event: 9.331 GC heap before
{Heap before GC invocations=10 (full 0):
 garbage-first heap   total 155648K, used 102526K [0x0000000080000000, 0x0000000100000000)
  region size 1024K, 76 young (77824K), 7 survivors (7168K)
 Metaspace       used 49847K, capacity 51212K, committed 51532K, reserved 1093632K
  class space    used 6362K, capacity 6854K, committed 6988K, reserved 1048576K
}
Event: 9.343 GC heap after
{Heap after GC invocations=11 (full 0):
 garbage-first heap   total 155648K, used 41113K [0x0000000080000000, 0x0000000100000000)
  region size 1024K, 10 young (10240K), 10 survivors (10240K)
 Metaspace       used 49847K, capacity 51212K, committed 51532K, reserved 1093632K
  class space    used 6362K, capacity 6854K, committed 6988K, reserved 1048576K
}
Event: 10.851 GC heap before
{Heap before GC invocations=11 (full 0):
 garbage-first heap   total 155648K, used 96409K [0x0000000080000000, 0x0000000100000000)
  region size 1024K, 65 young (66560K), 10 survivors (10240K)
 Metaspace       used 58567K, capacity 60118K, committed 60288K, reserved 1101824K
  class space    used 7433K, capacity 8027K, committed 8140K, reserved 1048576K
}
Event: 10.873 GC heap after
{Heap after GC invocations=12 (full 0):
 garbage-first heap   total 155648K, used 44982K [0x0000000080000000, 0x0000000100000000)
  region size 1024K, 4 young (4096K), 4 survivors (4096K)
 Metaspace       used 58567K, capacity 60118K, committed 60288K, reserved 1101824K
  class space    used 7433K, capacity 8027K, committed 8140K, reserved 1048576K
}
Event: 11.861 GC heap before
{Heap before GC invocations=13 (full 0):
 garbage-first heap   total 155648K, used 109494K [0x0000000080000000, 0x0000000100000000)
  region size 1024K, 67 young (68608K), 4 survivors (4096K)
 Metaspace       used 63345K, capacity 65051K, committed 65280K, reserved 1105920K
  class space    used 8063K, capacity 8698K, committed 8780K, reserved 1048576K
}
Event: 11.882 GC heap after
{Heap after GC invocations=14 (full 0):
 garbage-first heap   total 155648K, used 49639K [0x0000000080000000, 0x0000000100000000)
  region size 1024K, 9 young (9216K), 9 survivors (9216K)
 Metaspace       used 63345K, capacity 65051K, committed 65280K, reserved 1105920K
  class space    used 8063K, capacity 8698K, committed 8780K, reserved 1048576K
}
Event: 13.401 GC heap before
{Heap before GC invocations=15 (full 0):
 garbage-first heap   total 155648K, used 113127K [0x0000000080000000, 0x0000000100000000)
  region size 1024K, 71 young (72704K), 9 survivors (9216K)
 Metaspace       used 69495K, capacity 71176K, committed 71296K, reserved 1112064K
  class space    used 9006K, capacity 9617K, committed 9676K, reserved 1048576K
}

Deoptimization events (20 events):
Event: 13.151 Thread 0x0000023a18953000 DEOPT PACKING pc=0x0000023a07c84f7c sp=0x000000ceb96f90b0
Event: 13.151 Thread 0x0000023a18953000 DEOPT UNPACKING pc=0x0000023a000278af sp=0x000000ceb96f9070 mode 2
Event: 13.285 Thread 0x0000023a18953000 Uncommon trap: trap_request=0xffffff4d fr.pc=0x0000023a07c903a8 relative=0x00000000000000c8
Event: 13.285 Thread 0x0000023a18953000 Uncommon trap: reason=unstable_if action=reinterpret pc=0x0000023a07c903a8 method=java.io.WinNTFileSystem.normalize(Ljava/lang/String;)Ljava/lang/String; @ 74 c2
Event: 13.285 Thread 0x0000023a18953000 DEOPT PACKING pc=0x0000023a07c903a8 sp=0x000000ceb96fa050
Event: 13.285 Thread 0x0000023a18953000 DEOPT UNPACKING pc=0x0000023a000278af sp=0x000000ceb96f9fc8 mode 2
Event: 13.285 Thread 0x0000023a18953000 Uncommon trap: trap_request=0xffffff4d fr.pc=0x0000023a07c30a94 relative=0x00000000000015b4
Event: 13.285 Thread 0x0000023a18953000 Uncommon trap: reason=unstable_if action=reinterpret pc=0x0000023a07c30a94 method=java.io.WinNTFileSystem.normalize(Ljava/lang/String;II)Ljava/lang/String; @ 100 c2
Event: 13.285 Thread 0x0000023a18953000 DEOPT PACKING pc=0x0000023a07c30a94 sp=0x000000ceb96f9f20
Event: 13.285 Thread 0x0000023a18953000 DEOPT UNPACKING pc=0x0000023a000278af sp=0x000000ceb96f9f28 mode 2
Event: 13.327 Thread 0x0000023a18953000 DEOPT PACKING pc=0x0000023a0111de5b sp=0x000000ceb96f9170
Event: 13.327 Thread 0x0000023a18953000 DEOPT UNPACKING pc=0x0000023a000276ce sp=0x000000ceb96f8620 mode 0
Event: 13.337 Thread 0x0000023a18953000 Uncommon trap: trap_request=0xffffff4d fr.pc=0x0000023a07b39748 relative=0x00000000000009e8
Event: 13.337 Thread 0x0000023a18953000 Uncommon trap: reason=unstable_if action=reinterpret pc=0x0000023a07b39748 method=java.util.HashMap.resize()[Ljava/util/HashMap$Node; @ 203 c2
Event: 13.337 Thread 0x0000023a18953000 DEOPT PACKING pc=0x0000023a07b39748 sp=0x000000ceb96f9f40
Event: 13.337 Thread 0x0000023a18953000 DEOPT UNPACKING pc=0x0000023a000278af sp=0x000000ceb96f9ee0 mode 2
Event: 13.338 Thread 0x0000023a18953000 Uncommon trap: trap_request=0xffffff4d fr.pc=0x0000023a07bc5768 relative=0x00000000000001a8
Event: 13.338 Thread 0x0000023a18953000 Uncommon trap: reason=unstable_if action=reinterpret pc=0x0000023a07bc5768 method=java.util.HashMap.getNode(ILjava/lang/Object;)Ljava/util/HashMap$Node; @ 84 c2
Event: 13.338 Thread 0x0000023a18953000 DEOPT PACKING pc=0x0000023a07bc5768 sp=0x000000ceb96f9fb0
Event: 13.338 Thread 0x0000023a18953000 DEOPT UNPACKING pc=0x0000023a000278af sp=0x000000ceb96f9f20 mode 2

Classes redefined (0 events):
No events

Internal exceptions (20 events):
Event: 11.965 Thread 0x0000023a18953000 Exception <a 'java/lang/ClassNotFoundException'{0x000000008929dfe0}: com/android/build/gradle/internal/dsl/BuildType_DecoratedCustomizer> (0x000000008929dfe0) thrown at [./src/hotspot/share/classfile/systemDictionary.cpp, line 231]
Event: 11.973 Thread 0x0000023a18953000 Exception <a 'java/lang/ClassNotFoundException'{0x0000000089165e98}: build_48n1xmmbam0ry7cnwqiuqip10$_run_closure1$_closure4BeanInfo> (0x0000000089165e98) thrown at [./src/hotspot/share/classfile/systemDictionary.cpp, line 231]
Event: 11.973 Thread 0x0000023a18953000 Exception <a 'java/lang/ClassNotFoundException'{0x0000000089176600}: build_48n1xmmbam0ry7cnwqiuqip10$_run_closure1$_closure4Customizer> (0x0000000089176600) thrown at [./src/hotspot/share/classfile/systemDictionary.cpp, line 231]
Event: 11.976 Thread 0x0000023a18953000 Exception <a 'java/lang/ClassNotFoundException'{0x00000000891a75f0}: build_48n1xmmbam0ry7cnwqiuqip10$_run_closure1BeanInfo> (0x00000000891a75f0) thrown at [./src/hotspot/share/classfile/systemDictionary.cpp, line 231]
Event: 11.976 Thread 0x0000023a18953000 Exception <a 'java/lang/ClassNotFoundException'{0x00000000891b7400}: build_48n1xmmbam0ry7cnwqiuqip10$_run_closure1Customizer> (0x00000000891b7400) thrown at [./src/hotspot/share/classfile/systemDictionary.cpp, line 231]
Event: 11.982 Thread 0x0000023a18953000 Exception <a 'java/lang/ClassNotFoundException'{0x000000008901c090}: org/gradle/api/JavaVersionBeanInfo> (0x000000008901c090) thrown at [./src/hotspot/share/classfile/systemDictionary.cpp, line 231]
Event: 11.982 Thread 0x0000023a18953000 Exception <a 'java/lang/ClassNotFoundException'{0x00000000890276f8}: java/lang/EnumBeanInfo> (0x00000000890276f8) thrown at [./src/hotspot/share/classfile/systemDictionary.cpp, line 231]
Event: 11.983 Thread 0x0000023a18953000 Exception <a 'java/lang/ClassNotFoundException'{0x0000000089032dd0}: java/lang/EnumCustomizer> (0x0000000089032dd0) thrown at [./src/hotspot/share/classfile/systemDictionary.cpp, line 231]
Event: 11.985 Thread 0x0000023a18953000 Exception <a 'java/lang/ClassNotFoundException'{0x00000000890636f8}: org/gradle/api/JavaVersionCustomizer> (0x00000000890636f8) thrown at [./src/hotspot/share/classfile/systemDictionary.cpp, line 231]
Event: 11.989 Thread 0x0000023a18953000 Exception <a 'java/lang/ClassNotFoundException'{0x00000000890bc998}: com/android/build/gradle/internal/CompileOptions_DecoratedBeanInfo> (0x00000000890bc998) thrown at [./src/hotspot/share/classfile/systemDictionary.cpp, line 231]
Event: 11.990 Thread 0x0000023a18953000 Exception <a 'java/lang/ClassNotFoundException'{0x00000000890d3df0}: com/android/build/gradle/internal/CompileOptionsBeanInfo> (0x00000000890d3df0) thrown at [./src/hotspot/share/classfile/systemDictionary.cpp, line 231]
Event: 11.990 Thread 0x0000023a18953000 Exception <a 'java/lang/ClassNotFoundException'{0x00000000890eb9d8}: com/android/build/gradle/internal/CompileOptionsCustomizer> (0x00000000890eb9d8) thrown at [./src/hotspot/share/classfile/systemDictionary.cpp, line 231]
Event: 11.992 Thread 0x0000023a18953000 Exception <a 'java/lang/ClassNotFoundException'{0x0000000088f10428}: com/android/build/gradle/internal/CompileOptions_DecoratedCustomizer> (0x0000000088f10428) thrown at [./src/hotspot/share/classfile/systemDictionary.cpp, line 231]
Event: 13.089 Thread 0x0000023a18953000 Exception <a 'java/lang/ClassNotFoundException'{0x00000000867465b0}: com/android/build/gradle/internal/api/ApkVariantOutputImpl_DecoratedBeanInfo> (0x00000000867465b0) thrown at [./src/hotspot/share/classfile/systemDictionary.cpp, line 231]
Event: 13.090 Thread 0x0000023a18953000 Exception <a 'java/lang/ClassNotFoundException'{0x000000008675ffd0}: com/android/build/gradle/internal/api/ApkVariantOutputImplBeanInfo> (0x000000008675ffd0) thrown at [./src/hotspot/share/classfile/systemDictionary.cpp, line 231]
Event: 13.090 Thread 0x0000023a18953000 Exception <a 'java/lang/ClassNotFoundException'{0x000000008677a1a0}: com/android/build/gradle/internal/api/BaseVariantOutputImplBeanInfo> (0x000000008677a1a0) thrown at [./src/hotspot/share/classfile/systemDictionary.cpp, line 231]
Event: 13.091 Thread 0x0000023a18953000 Exception <a 'java/lang/ClassNotFoundException'{0x0000000086794658}: com/android/build/gradle/internal/api/BaseVariantOutputImplCustomizer> (0x0000000086794658) thrown at [./src/hotspot/share/classfile/systemDictionary.cpp, line 231]
Event: 13.092 Thread 0x0000023a18953000 Exception <a 'java/lang/ClassNotFoundException'{0x00000000867c0f28}: com/android/build/gradle/internal/api/ApkVariantOutputImplCustomizer> (0x00000000867c0f28) thrown at [./src/hotspot/share/classfile/systemDictionary.cpp, line 231]
Event: 13.093 Thread 0x0000023a18953000 Exception <a 'java/lang/ClassNotFoundException'{0x00000000867e9c00}: com/android/build/gradle/internal/api/ApkVariantOutputImpl_DecoratedCustomizer> (0x00000000867e9c00) thrown at [./src/hotspot/share/classfile/systemDictionary.cpp, line 231]
Event: 13.107 Thread 0x0000023a18953000 Exception <a 'java/lang/NoClassDefFoundError'{0x0000000086550028}: org/jetbrains/kotlin/gradle/plugin/KotlinBasePluginWrapper> (0x0000000086550028) thrown at [./src/hotspot/share/classfile/systemDictionary.cpp, line 220]

Events (20 events):
Event: 13.370 loading class org/gradle/api/internal/tasks/properties/bean/AbstractNestedRuntimeBeanNode$BeanPropertyValue$1 done
Event: 13.371 loading class org/gradle/api/internal/tasks/properties/bean/AbstractNestedRuntimeBeanNode$1
Event: 13.371 loading class org/gradle/api/internal/tasks/properties/bean/AbstractNestedRuntimeBeanNode$1 done
Event: 13.372 loading class org/gradle/api/internal/tasks/properties/OutputFilePropertyType
Event: 13.372 loading class org/gradle/api/internal/tasks/properties/OutputFilePropertyType done
Event: 13.373 loading class org/gradle/internal/file/TreeType
Event: 13.373 loading class org/gradle/internal/file/TreeType done
Event: 13.374 loading class org/gradle/api/internal/tasks/properties/bean/AbstractNestedRuntimeBeanNode$BeanPropertyValue$1$1
Event: 13.374 loading class org/gradle/api/internal/tasks/properties/bean/AbstractNestedRuntimeBeanNode$BeanPropertyValue$1$1 done
Event: 13.384 loading class org/gradle/api/internal/tasks/properties/bean/NestedRuntimeBeanNode$ImplementationPropertyValue
Event: 13.384 loading class org/gradle/api/internal/tasks/properties/bean/NestedRuntimeBeanNode$ImplementationPropertyValue done
Event: 13.397 loading class org/gradle/api/internal/file/FileCollectionInternal
Event: 13.397 loading class org/gradle/api/internal/file/FileCollectionInternal done
Event: 13.397 loading class org/gradle/api/internal/tasks/TaskDependencyResolveContext
Event: 13.397 loading class org/gradle/api/internal/tasks/TaskDependencyResolveContext done
Event: 13.397 loading class org/gradle/api/internal/file/collections/UnpackingVisitor
Event: 13.397 loading class org/gradle/api/internal/file/collections/UnpackingVisitor done
Event: 13.399 loading class org/gradle/api/internal/file/collections/ProviderBackedFileCollection
Event: 13.399 loading class org/gradle/api/internal/file/collections/ProviderBackedFileCollection done
Event: 13.401 Executing VM operation: G1CollectForAllocation


Dynamic libraries:
0x00007ff610110000 - 0x00007ff61011a000 	C:\Program Files\Android\Android Studio1\jre\bin\java.exe
0x00007ffe6c150000 - 0x00007ffe6c345000 	C:\WINDOWS\SYSTEM32\ntdll.dll
0x00007ffe6ab70000 - 0x00007ffe6ac2e000 	C:\WINDOWS\System32\KERNEL32.DLL
0x00007ffe69c10000 - 0x00007ffe69ed8000 	C:\WINDOWS\System32\KERNELBASE.dll
0x00007ffe699f0000 - 0x00007ffe69af0000 	C:\WINDOWS\System32\ucrtbase.dll
0x00007ffe51700000 - 0x00007ffe51717000 	C:\Program Files\Android\Android Studio1\jre\bin\VCRUNTIME140.dll
0x00007ffe49b20000 - 0x00007ffe49b39000 	C:\Program Files\Android\Android Studio1\jre\bin\jli.dll
0x00007ffe6bc10000 - 0x00007ffe6bdb1000 	C:\WINDOWS\System32\USER32.dll
0x00007ffe699c0000 - 0x00007ffe699e2000 	C:\WINDOWS\System32\win32u.dll
0x00007ffe527f0000 - 0x00007ffe52a8a000 	C:\WINDOWS\WinSxS\amd64_microsoft.windows.common-controls_6595b64144ccf1df_6.0.19041.1110_none_60b5254171f9507e\COMCTL32.dll
0x00007ffe6aad0000 - 0x00007ffe6aafb000 	C:\WINDOWS\System32\GDI32.dll
0x00007ffe6aa30000 - 0x00007ffe6aace000 	C:\WINDOWS\System32\msvcrt.dll
0x00007ffe69ee0000 - 0x00007ffe69fed000 	C:\WINDOWS\System32\gdi32full.dll
0x00007ffe69ff0000 - 0x00007ffe6a08d000 	C:\WINDOWS\System32\msvcp_win.dll
0x00007ffe6bb30000 - 0x00007ffe6bb60000 	C:\WINDOWS\System32\IMM32.DLL
0x00007ffe28d30000 - 0x00007ffe28dcd000 	C:\Program Files\Android\Android Studio1\jre\bin\msvcp140.dll
0x00007ffe20160000 - 0x00007ffe20c2f000 	C:\Program Files\Android\Android Studio1\jre\bin\server\jvm.dll
0x00007ffe6bb60000 - 0x00007ffe6bc0c000 	C:\WINDOWS\System32\ADVAPI32.dll
0x00007ffe6b8e0000 - 0x00007ffe6b97b000 	C:\WINDOWS\System32\sechost.dll
0x00007ffe6bfe0000 - 0x00007ffe6c10a000 	C:\WINDOWS\System32\RPCRT4.dll
0x00007ffe6b710000 - 0x00007ffe6b718000 	C:\WINDOWS\System32\PSAPI.DLL
0x00007ffe49780000 - 0x00007ffe49789000 	C:\WINDOWS\SYSTEM32\WSOCK32.dll
0x00007ffe602e0000 - 0x00007ffe602ea000 	C:\WINDOWS\SYSTEM32\VERSION.dll
0x00007ffe6ab00000 - 0x00007ffe6ab6b000 	C:\WINDOWS\System32\WS2_32.dll
0x00007ffe51010000 - 0x00007ffe51037000 	C:\WINDOWS\SYSTEM32\WINMM.dll
0x00007ffe680a0000 - 0x00007ffe680b2000 	C:\WINDOWS\SYSTEM32\kernel.appcore.dll
0x00007ffe5e6f0000 - 0x00007ffe5e701000 	C:\Program Files\Android\Android Studio1\jre\bin\verify.dll
0x00007ffe67620000 - 0x00007ffe67804000 	C:\WINDOWS\SYSTEM32\DBGHELP.DLL
0x00007ffe56330000 - 0x00007ffe5635c000 	C:\WINDOWS\SYSTEM32\dbgcore.DLL
0x00007ffe69b20000 - 0x00007ffe69ba2000 	C:\WINDOWS\System32\bcryptPrimitives.dll
0x00007ffe5e210000 - 0x00007ffe5e239000 	C:\Program Files\Android\Android Studio1\jre\bin\java.dll
0x00007ffe60160000 - 0x00007ffe6016b000 	C:\Program Files\Android\Android Studio1\jre\bin\jimage.dll
0x00007ffe5e690000 - 0x00007ffe5e6a8000 	C:\Program Files\Android\Android Studio1\jre\bin\zip.dll
0x00007ffe6a190000 - 0x00007ffe6a8d4000 	C:\WINDOWS\System32\SHELL32.dll
0x00007ffe678f0000 - 0x00007ffe68084000 	C:\WINDOWS\SYSTEM32\windows.storage.dll
0x00007ffe6b1e0000 - 0x00007ffe6b535000 	C:\WINDOWS\System32\combase.dll
0x00007ffe69100000 - 0x00007ffe6912e000 	C:\WINDOWS\SYSTEM32\Wldp.dll
0x00007ffe6b980000 - 0x00007ffe6ba2d000 	C:\WINDOWS\System32\SHCORE.dll
0x00007ffe6ac30000 - 0x00007ffe6ac85000 	C:\WINDOWS\System32\shlwapi.dll
0x00007ffe697a0000 - 0x00007ffe697bf000 	C:\WINDOWS\SYSTEM32\profapi.dll
0x00007ffe5e1e0000 - 0x00007ffe5e1fa000 	C:\Program Files\Android\Android Studio1\jre\bin\net.dll
0x00007ffe66330000 - 0x00007ffe6643c000 	C:\WINDOWS\SYSTEM32\WINHTTP.dll
0x00007ffe68ee0000 - 0x00007ffe68f4a000 	C:\WINDOWS\system32\mswsock.dll
0x00007ffe5dec0000 - 0x00007ffe5ded4000 	C:\Program Files\Android\Android Studio1\jre\bin\nio.dll
0x00007ffe41a20000 - 0x00007ffe41a47000 	C:\Users\lklui\.gradle\native\8bec1ad78214c89d9ad589b4d07fe93259594b29d510b10fafb7a158f7737e5d\windows-amd64\native-platform.dll
0x00007ffe29ac0000 - 0x00007ffe29bfd000 	C:\Users\lklui\.gradle\native\53dbd7edfb1c66fb8903c78663c9afc45aea4f116125fa6feffd364cf09443e8\windows-amd64\native-platform-file-events.dll
0x00007ffe5fee0000 - 0x00007ffe5feea000 	C:\Program Files\Android\Android Studio1\jre\bin\management.dll
0x00007ffe5fe90000 - 0x00007ffe5fe9c000 	C:\Program Files\Android\Android Studio1\jre\bin\management_ext.dll
0x00007ffe69140000 - 0x00007ffe69158000 	C:\WINDOWS\SYSTEM32\CRYPTSP.dll
0x00007ffe68880000 - 0x00007ffe688b4000 	C:\WINDOWS\system32\rsaenh.dll
0x00007ffe69af0000 - 0x00007ffe69b17000 	C:\WINDOWS\System32\bcrypt.dll
0x00007ffe69760000 - 0x00007ffe6978e000 	C:\WINDOWS\SYSTEM32\USERENV.dll
0x00007ffe69070000 - 0x00007ffe6907c000 	C:\WINDOWS\SYSTEM32\CRYPTBASE.dll
0x00007ffe68bf0000 - 0x00007ffe68c2b000 	C:\WINDOWS\SYSTEM32\IPHLPAPI.DLL
0x00007ffe6a8e0000 - 0x00007ffe6a8e8000 	C:\WINDOWS\System32\NSI.dll
0x00007ffe5ed00000 - 0x00007ffe5ed17000 	C:\WINDOWS\SYSTEM32\dhcpcsvc6.DLL
0x00007ffe5ece0000 - 0x00007ffe5ecfd000 	C:\WINDOWS\SYSTEM32\dhcpcsvc.DLL
0x00007ffe68c30000 - 0x00007ffe68cfb000 	C:\WINDOWS\SYSTEM32\DNSAPI.dll

dbghelp: loaded successfully - version: 4.0.5 - missing functions: none
symbol engine: initialized successfully - sym options: 0x614 - pdb path: .;C:\Program Files\Android\Android Studio1\jre\bin;C:\WINDOWS\SYSTEM32;C:\WINDOWS\WinSxS\amd64_microsoft.windows.common-controls_6595b64144ccf1df_6.0.19041.1110_none_60b5254171f9507e;C:\Program Files\Android\Android Studio1\jre\bin\server;C:\Users\lklui\.gradle\native\8bec1ad78214c89d9ad589b4d07fe93259594b29d510b10fafb7a158f7737e5d\windows-amd64;C:\Users\lklui\.gradle\native\53dbd7edfb1c66fb8903c78663c9afc45aea4f116125fa6feffd364cf09443e8\windows-amd64

VM Arguments:
jvm_args: --add-opens=java.base/java.util=ALL-UNNAMED --add-opens=java.base/java.lang=ALL-UNNAMED --add-opens=java.base/java.lang.invoke=ALL-UNNAMED --add-opens=java.base/java.util=ALL-UNNAMED --add-opens=java.prefs/java.util.prefs=ALL-UNNAMED --add-opens=java.prefs/java.util.prefs=ALL-UNNAMED --add-opens=java.base/java.nio.charset=ALL-UNNAMED --add-opens=java.base/java.net=ALL-UNNAMED --add-opens=java.base/java.util.concurrent.atomic=ALL-UNNAMED -Xmx2048m -Dfile.encoding=UTF-8 -Duser.country=PL -Duser.language=pl -Duser.variant 
java_command: org.gradle.launcher.daemon.bootstrap.GradleDaemon 7.0.2
java_class_path (initial): C:\Users\lklui\.gradle\wrapper\dists\gradle-7.0.2-all\7era6s5ay7zsbhuvl0oc9g94s\gradle-7.0.2\lib\gradle-launcher-7.0.2.jar
Launcher Type: SUN_STANDARD

[Global flags]
     intx CICompilerCount                          = 4                                         {product} {ergonomic}
     uint ConcGCThreads                            = 2                                         {product} {ergonomic}
     uint G1ConcRefinementThreads                  = 8                                         {product} {ergonomic}
   size_t G1HeapRegionSize                         = 1048576                                   {product} {ergonomic}
    uintx GCDrainStackTargetSize                   = 64                                        {product} {ergonomic}
   size_t InitialHeapSize                          = 132120576                                 {product} {ergonomic}
   size_t MarkStackSize                            = 4194304                                   {product} {ergonomic}
   size_t MaxHeapSize                              = 2147483648                                {product} {command line}
   size_t MaxNewSize                               = 1287651328                                {product} {ergonomic}
   size_t MinHeapDeltaBytes                        = 1048576                                   {product} {ergonomic}
    uintx NonNMethodCodeHeapSize                   = 5836300                                {pd product} {ergonomic}
    uintx NonProfiledCodeHeapSize                  = 122910970                              {pd product} {ergonomic}
    uintx ProfiledCodeHeapSize                     = 122910970                              {pd product} {ergonomic}
    uintx ReservedCodeCacheSize                    = 251658240                              {pd product} {ergonomic}
     bool SegmentedCodeCache                       = true                                      {product} {ergonomic}
     bool UseCompressedClassPointers               = true                                 {lp64_product} {ergonomic}
     bool UseCompressedOops                        = true                                 {lp64_product} {ergonomic}
     bool UseG1GC                                  = true                                      {product} {ergonomic}
     bool UseLargePagesIndividualAllocation        = false                                  {pd product} {ergonomic}

Logging:
Log output configuration:
 #0: stdout all=warning uptime,level,tags
 #1: stderr all=off uptime,level,tags

Environment Variables:
PATH=C:\Program Files\Microsoft MPI\Bin\;C:\Program Files (x86)\Common Files\Oracle\Java\javapath;C:\Program Files\PowerShell\7;C:\Program Files (x86)\Intel\Intel(R) Management Engine Components\iCLS\;C:\Program Files\Intel\Intel(R) Management Engine Components\iCLS\;C:\WINDOWS\system32;C:\WINDOWS;C:\WINDOWS\System32\Wbem;C:\WINDOWS\System32\WindowsPowerShell\v1.0\;C:\WINDOWS\System32\OpenSSH\;C:\Program Files (x86)\Intel\Intel(R) Management Engine Components\DAL;C:\Program Files\Intel\Intel(R) Management Engine Components\DAL;C:\Program Files\Intel\WiFi\bin\;C:\Program Files\Common Files\Intel\WirelessCommon\;C:\Program Files (x86)\PuTTY\;C:\Program Files\Java\jdk-14.0.1\bin;C:\Program Files\MATLAB\R2020b\bin;C:\Program Files\WireGuard\;C:\Users\lklui\AppData\Local\Microsoft\WindowsApps;C:\altera\15.0\modelsim_ase\win32aloem;C:\Users\lklui\AppData\Local\Programs\Microsoft VS Code\bin;C:\Users\lklui/bin;C:\ProgramData\chocolatey\bin;C:\Program Files\PowerShell\7\;C:\Program Files\Azure Data Studio\bin;C:\Program Files\Microsoft SQL Server\Client SDK\ODBC\170\Tools\Binn\;C:\Program Files (x86)\Microsoft SQL Server\150\Tools\Binn\;C:\Program Files\Microsoft SQL Server\150\Tools\Binn\;C:\Program Files\Microsoft SQL Server\150\DTS\Binn\;C:\Program Files (x86)\Microsoft SQL Server\150\DTS\Binn\;C:\Program Files\Git\cmd;C:\Users\lklui\AppData\Local\Programs\Python\Python310\Scripts\;C:\Users\lklui\AppData\Local\Programs\Python\Python310\;C:\Users\lklui\AppData\Local\Microsoft\WindowsApps;C:\Users\lklui\AppData\Local\Programs\Microsoft VS Code\bin;C:\Program Files\Oracle\VirtualBox;C:\Program Files\Azure Data Studio\bin;C:\Users\lklui\AppData\Local\Programs\Python\Python310\Scripts;c:\users\lklui\appdata\local\programs\python\python310\lib\site-packages;C:\Users\lklui\AppData\Local\Programs\Python\Python310\Scripts;
USERNAME=lklui
OS=Windows_NT
PROCESSOR_IDENTIFIER=Intel64 Family 6 Model 142 Stepping 11, GenuineIntel



---------------  S Y S T E M  ---------------

OS: Windows 10 , 64 bit Build 19041 (10.0.19041.1348)
OS uptime: 12 days 13:02 hours
Hyper-V role detected

CPU:total 8 (initial active 8) (4 cores per cpu, 2 threads per core) family 6 model 142 stepping 11 microcode 0xae, cmov, cx8, fxsr, mmx, sse, sse2, sse3, ssse3, sse4.1, sse4.2, popcnt, avx, avx2, aes, clmul, erms, 3dnowpref, lzcnt, ht, tsc, tscinvbit, bmi1, bmi2, adx, fma

Memory: 4k page, system-wide physical 8013M (325M free)
TotalPageFile size 28255M (AvailPageFile size 25M)
current process WorkingSet (physical memory assigned to process): 342M, peak: 342M
current process commit charge ("private bytes"): 382M, peak: 413M

vm_info: OpenJDK 64-Bit Server VM (11.0.10+0-b96-7249189) for windows-amd64 JRE (11.0.10+0-b96-7249189), built on Mar 31 2021 21:44:00 by "builder" with MS VC++ 14.0 (VS2015)

END.
